06/05 20:45:58 rrd update for localhost failed retval 1
06/05 20:48:13 rrd update for localhost failed retval 1
06/05 20:51:54 pings complete
06/05 20:51:54 generating graphs
06/05 20:51:54 graph generation complete
06/05 20:56:01 unknown host 
06/05 20:57:01 unknown host 
06/05 20:58:01 unknown host 
06/05 21:00:03 pings complete
06/05 21:00:03 generating graphs
06/05 21:00:03 graph generation complete
06/05 21:00:34 pings complete
06/05 21:00:34 generating graphs
06/05 21:00:34 graph generation complete
06/05 21:02:35 pings complete
06/05 21:02:35 generating graphs
06/05 21:02:36 graph generation complete
06/05 21:02:37 pings complete
06/05 21:02:37 generating graphs
06/05 21:02:37 graph generation complete
06/05 21:04:08 pings complete
06/05 21:04:08 generating graphs
06/05 21:04:08 graph generation complete
06/05 21:45:24 pings complete
06/05 21:45:24 generating graphs
06/05 21:45:24 graph generation complete
06/05 22:51:59 pings complete
06/05 22:51:59 generating graphs
06/05 22:51:59 graph generation complete
